<?xml version="1.0" encoding="UTF-8"?>
<!-- Generated by org.testng.reporters.JUnitReportReporter -->
<testsuite skipped="0" hostname="DESKTOP-JE6EDVB" name="StaticJson" tests="1" failures="0" timestamp="2020-07-11T23:20:04 IST" time="6.824" errors="0">
  <testcase name="addBook" time="6.824" classname="StaticJson"/>
  <system-out/>
</testsuite> <!-- StaticJson -->
